<?xml version="1.0" encoding="UTF-8"?>
<!-- Generated by org.testng.reporters.JUnitReportReporter -->
<testsuite hostname="Anil-PC" failures="0" tests="3" name="tests.addComputer" time="33.672" errors="0" timestamp="2020-10-04T12:42:01 BST" skipped="0">
  <testcase classname="tests.addComputer" name="addNewComputer" time="11.746"/>
  <system-out/>
  <testcase classname="tests.addComputer" name="editComputer" time="10.361"/>
  <system-out/>
  <testcase classname="tests.addComputer" name="DeleteComputer" time="11.565"/>
  <system-out/>
</testsuite> <!-- tests.addComputer -->
