<?xml version="1.0" encoding="UTF-8"?>
<!-- Generated by org.testng.reporters.JUnitReportReporter -->
<testsuite hostname="Anil-PC" failures="0" tests="3" name="tests.computerDBTestCases" time="42.135" errors="0" timestamp="2020-10-04T15:28:25 BST" skipped="0">
  <testcase classname="tests.computerDBTestCases" name="addNewComputer" time="15.941"/>
  <system-out/>
  <testcase classname="tests.computerDBTestCases" name="editComputer" time="14.297"/>
  <system-out/>
  <testcase classname="tests.computerDBTestCases" name="DeleteComputer" time="11.897"/>
  <system-out/>
</testsuite> <!-- tests.computerDBTestCases -->
